C:\Users\ACER\Desktop\roombooking\RoomBookingClient\dist\out-tsc\e2e\src\app.po.js
C:\Users\ACER\Desktop\roombooking\RoomBookingClient\dist\out-tsc\e2e\src\app.po.js.map
C:\Users\ACER\Desktop\roombooking\RoomBookingClient\dist\out-tsc\e2e\src\app.e2e-spec.js
C:\Users\ACER\Desktop\roombooking\RoomBookingClient\dist\out-tsc\e2e\src\app.e2e-spec.js.map
C:\Users\ACER\Desktop\roombooking\RoomBookingClient\dist\out-tsc\src\app\app-routing.module.js
C:\Users\ACER\Desktop\roombooking\RoomBookingClient\dist\out-tsc\src\app\app-routing.module.js.map
C:\Users\ACER\Desktop\roombooking\RoomBookingClient\dist\out-tsc\src\app\services\http.service.js
C:\Users\ACER\Desktop\roombooking\RoomBookingClient\dist\out-tsc\src\app\services\http.service.js.map
C:\Users\ACER\Desktop\roombooking\RoomBookingClient\dist\out-tsc\src\app\_interfaces\movie.model.js
C:\Users\ACER\Desktop\roombooking\RoomBookingClient\dist\out-tsc\src\app\_interfaces\movie.model.js.map
C:\Users\ACER\Desktop\roombooking\RoomBookingClient\dist\out-tsc\src\app\app.component.js
C:\Users\ACER\Desktop\roombooking\RoomBookingClient\dist\out-tsc\src\app\app.component.js.map
C:\Users\ACER\Desktop\roombooking\RoomBookingClient\dist\out-tsc\src\app\add-booking\add-booking.component.js
C:\Users\ACER\Desktop\roombooking\RoomBookingClient\dist\out-tsc\src\app\add-booking\add-booking.component.js.map
C:\Users\ACER\Desktop\roombooking\RoomBookingClient\dist\out-tsc\src\app\app.module.js
C:\Users\ACER\Desktop\roombooking\RoomBookingClient\dist\out-tsc\src\app\app.module.js.map
C:\Users\ACER\Desktop\roombooking\RoomBookingClient\dist\out-tsc\src\environments\environment.js
C:\Users\ACER\Desktop\roombooking\RoomBookingClient\dist\out-tsc\src\environments\environment.js.map
C:\Users\ACER\Desktop\roombooking\RoomBookingClient\dist\out-tsc\src\main.js
C:\Users\ACER\Desktop\roombooking\RoomBookingClient\dist\out-tsc\src\main.js.map
C:\Users\ACER\Desktop\roombooking\RoomBookingClient\dist\out-tsc\src\polyfills.js
C:\Users\ACER\Desktop\roombooking\RoomBookingClient\dist\out-tsc\src\polyfills.js.map
C:\Users\ACER\Desktop\roombooking\RoomBookingClient\dist\out-tsc\src\test.js
C:\Users\ACER\Desktop\roombooking\RoomBookingClient\dist\out-tsc\src\test.js.map
C:\Users\ACER\Desktop\roombooking\RoomBookingClient\dist\out-tsc\src\app\app.component.spec.js
C:\Users\ACER\Desktop\roombooking\RoomBookingClient\dist\out-tsc\src\app\app.component.spec.js.map
C:\Users\ACER\Desktop\roombooking\RoomBookingClient\dist\out-tsc\src\app\add-booking\add-booking.component.spec.js
C:\Users\ACER\Desktop\roombooking\RoomBookingClient\dist\out-tsc\src\app\add-booking\add-booking.component.spec.js.map
C:\Users\ACER\Desktop\roombooking\RoomBookingClient\dist\out-tsc\src\environments\environment.prod.js
C:\Users\ACER\Desktop\roombooking\RoomBookingClient\dist\out-tsc\src\environments\environment.prod.js.map
